mode: atomic
github.com/dckristiono/go-env/examples/simple/main.go:20.13,52.43 21 0
github.com/dckristiono/go-env/examples/simple/main.go:52.43,54.3 1 0
github.com/dckristiono/go-env/examples/simple/main.go:56.2,64.24 6 0
github.com/dckristiono/go-env/examples/simple/main.go:64.24,66.3 1 0
github.com/dckristiono/go-env/examples/simple/main.go:66.8,66.28 1 0
github.com/dckristiono/go-env/examples/simple/main.go:66.28,68.3 1 0
github.com/dckristiono/go-env/examples/simple/main.go:68.8,68.32 1 0
github.com/dckristiono/go-env/examples/simple/main.go:68.32,70.3 1 0
github.com/dckristiono/go-env/config.go:37.50,38.17 1 71
github.com/dckristiono/go-env/config.go:38.17,40.3 1 1
github.com/dckristiono/go-env/config.go:41.2,41.33 1 71
github.com/dckristiono/go-env/config.go:45.52,53.33 2 17
github.com/dckristiono/go-env/config.go:53.33,55.3 1 17
github.com/dckristiono/go-env/config.go:58.2,58.38 1 17
github.com/dckristiono/go-env/config.go:58.38,60.3 1 3
github.com/dckristiono/go-env/config.go:62.2,62.20 1 14
github.com/dckristiono/go-env/config.go:66.36,68.52 1 21
github.com/dckristiono/go-env/config.go:68.52,70.3 1 3
github.com/dckristiono/go-env/config.go:73.2,77.9 4 18
github.com/dckristiono/go-env/config.go:78.38,79.21 1 1
github.com/dckristiono/go-env/config.go:80.28,81.17 1 1
github.com/dckristiono/go-env/config.go:82.14,83.20 1 10
github.com/dckristiono/go-env/config.go:84.10,85.21 1 6
github.com/dckristiono/go-env/config.go:90.39,93.2 2 75
github.com/dckristiono/go-env/config.go:96.31,99.16 2 24
github.com/dckristiono/go-env/config.go:100.18,101.19 1 8
github.com/dckristiono/go-env/config.go:102.15,103.27 1 9
github.com/dckristiono/go-env/config.go:104.19,105.31 1 4
github.com/dckristiono/go-env/config.go:106.10,107.64 1 3
github.com/dckristiono/go-env/config.go:111.2,111.26 1 21
github.com/dckristiono/go-env/config.go:111.26,113.27 1 13
github.com/dckristiono/go-env/config.go:113.27,116.4 2 11
github.com/dckristiono/go-env/config.go:117.3,117.56 1 2
github.com/dckristiono/go-env/config.go:121.2,121.31 1 8
github.com/dckristiono/go-env/config.go:125.51,126.20 1 69
github.com/dckristiono/go-env/config.go:126.20,128.3 1 2
github.com/dckristiono/go-env/config.go:129.2,129.23 1 67
github.com/dckristiono/go-env/config.go:133.56,139.33 2 6
github.com/dckristiono/go-env/config.go:139.33,141.3 1 8
github.com/dckristiono/go-env/config.go:143.2,143.18 1 6
github.com/dckristiono/go-env/config.go:147.42,156.2 3 8
github.com/dckristiono/go-env/config.go:159.65,162.42 3 6
github.com/dckristiono/go-env/config.go:162.42,164.3 1 2
github.com/dckristiono/go-env/config.go:165.2,165.14 1 4
github.com/dckristiono/go-env/config.go:169.71,172.17 3 8
github.com/dckristiono/go-env/config.go:172.17,173.28 1 4
github.com/dckristiono/go-env/config.go:173.28,175.4 1 3
github.com/dckristiono/go-env/config.go:176.3,176.79 1 1
github.com/dckristiono/go-env/config.go:179.2,179.28 1 4
github.com/dckristiono/go-env/config.go:183.77,186.17 3 5
github.com/dckristiono/go-env/config.go:186.17,187.28 1 2
github.com/dckristiono/go-env/config.go:187.28,189.4 1 2
github.com/dckristiono/go-env/config.go:190.3,190.79 1 0
github.com/dckristiono/go-env/config.go:193.2,193.40 1 3
github.com/dckristiono/go-env/config.go:197.83,200.17 3 7
github.com/dckristiono/go-env/config.go:200.17,201.28 1 3
github.com/dckristiono/go-env/config.go:201.28,203.4 1 3
github.com/dckristiono/go-env/config.go:204.3,204.79 1 0
github.com/dckristiono/go-env/config.go:207.2,207.38 1 4
github.com/dckristiono/go-env/config.go:211.65,214.17 3 13
github.com/dckristiono/go-env/config.go:214.17,215.28 1 5
github.com/dckristiono/go-env/config.go:215.28,217.4 1 4
github.com/dckristiono/go-env/config.go:218.3,218.15 1 1
github.com/dckristiono/go-env/config.go:221.2,222.74 2 8
github.com/dckristiono/go-env/config.go:226.96,229.17 3 7
github.com/dckristiono/go-env/config.go:229.17,230.28 1 3
github.com/dckristiono/go-env/config.go:230.28,232.4 1 3
github.com/dckristiono/go-env/config.go:233.3,233.79 1 0
github.com/dckristiono/go-env/config.go:236.2,236.34 1 4
github.com/dckristiono/go-env/config.go:241.92,242.21 1 7
github.com/dckristiono/go-env/config.go:242.21,244.3 1 6
github.com/dckristiono/go-env/config.go:246.2,248.17 3 7
github.com/dckristiono/go-env/config.go:248.17,249.28 1 3
github.com/dckristiono/go-env/config.go:249.28,251.4 1 2
github.com/dckristiono/go-env/config.go:252.3,252.20 1 1
github.com/dckristiono/go-env/config.go:255.2,257.29 2 4
github.com/dckristiono/go-env/config.go:257.29,259.3 1 12
github.com/dckristiono/go-env/config.go:261.2,261.14 1 4
github.com/dckristiono/go-env/config.go:266.90,269.17 3 6
github.com/dckristiono/go-env/config.go:269.17,270.28 1 2
github.com/dckristiono/go-env/config.go:270.28,272.4 1 2
github.com/dckristiono/go-env/config.go:273.3,273.29 1 0
github.com/dckristiono/go-env/config.go:276.2,279.29 3 4
github.com/dckristiono/go-env/config.go:279.29,281.25 2 7
github.com/dckristiono/go-env/config.go:281.25,285.4 3 6
github.com/dckristiono/go-env/config.go:288.2,288.15 1 4
github.com/dckristiono/go-env/config.go:292.35,294.2 1 2
github.com/dckristiono/go-env/config.go:297.38,299.2 1 6
github.com/dckristiono/go-env/config.go:302.35,304.2 1 6
github.com/dckristiono/go-env/config.go:307.39,309.2 1 6
github.com/dckristiono/go-env/config.go:316.48,318.16 2 10
github.com/dckristiono/go-env/config.go:318.16,320.3 1 2
github.com/dckristiono/go-env/config.go:322.2,325.12 3 8
github.com/dckristiono/go-env/config.go:329.44,331.16 2 4
github.com/dckristiono/go-env/config.go:331.16,335.3 2 2
github.com/dckristiono/go-env/config.go:337.2,337.29 1 2
github.com/dckristiono/go-env/config.go:341.53,343.16 2 5
github.com/dckristiono/go-env/config.go:343.16,344.28 1 2
github.com/dckristiono/go-env/config.go:344.28,346.4 1 1
github.com/dckristiono/go-env/config.go:347.3,347.12 1 1
github.com/dckristiono/go-env/config.go:349.2,349.38 1 3
github.com/dckristiono/go-env/config.go:353.59,355.16 2 5
github.com/dckristiono/go-env/config.go:355.16,356.28 1 1
github.com/dckristiono/go-env/config.go:356.28,358.4 1 1
github.com/dckristiono/go-env/config.go:359.3,359.16 1 0
github.com/dckristiono/go-env/config.go:361.2,361.41 1 4
github.com/dckristiono/go-env/config.go:365.65,367.16 2 3
github.com/dckristiono/go-env/config.go:367.16,368.28 1 1
github.com/dckristiono/go-env/config.go:368.28,370.4 1 1
github.com/dckristiono/go-env/config.go:371.3,371.16 1 0
github.com/dckristiono/go-env/config.go:373.2,373.43 1 2
github.com/dckristiono/go-env/config.go:377.71,379.16 2 5
github.com/dckristiono/go-env/config.go:379.16,380.28 1 1
github.com/dckristiono/go-env/config.go:380.28,382.4 1 1
github.com/dckristiono/go-env/config.go:383.3,383.16 1 0
github.com/dckristiono/go-env/config.go:385.2,385.45 1 4
github.com/dckristiono/go-env/config.go:389.53,391.16 2 5
github.com/dckristiono/go-env/config.go:391.16,392.28 1 1
github.com/dckristiono/go-env/config.go:392.28,394.4 1 1
github.com/dckristiono/go-env/config.go:395.3,395.15 1 0
github.com/dckristiono/go-env/config.go:397.2,397.42 1 4
github.com/dckristiono/go-env/config.go:401.84,403.16 2 5
github.com/dckristiono/go-env/config.go:403.16,404.28 1 1
github.com/dckristiono/go-env/config.go:404.28,406.4 1 1
github.com/dckristiono/go-env/config.go:407.3,407.16 1 0
github.com/dckristiono/go-env/config.go:409.2,409.46 1 4
github.com/dckristiono/go-env/config.go:413.80,415.16 2 4
github.com/dckristiono/go-env/config.go:415.16,416.28 1 1
github.com/dckristiono/go-env/config.go:416.28,418.4 1 1
github.com/dckristiono/go-env/config.go:419.3,419.20 1 0
github.com/dckristiono/go-env/config.go:421.2,421.54 1 3
github.com/dckristiono/go-env/config.go:425.78,427.16 2 4
github.com/dckristiono/go-env/config.go:427.16,428.28 1 1
github.com/dckristiono/go-env/config.go:428.28,430.4 1 1
github.com/dckristiono/go-env/config.go:431.3,431.29 1 0
github.com/dckristiono/go-env/config.go:433.2,433.41 1 3
github.com/dckristiono/go-env/config.go:437.23,439.16 2 2
github.com/dckristiono/go-env/config.go:439.16,441.3 1 1
github.com/dckristiono/go-env/config.go:442.2,442.22 1 1
github.com/dckristiono/go-env/config.go:446.26,448.16 2 3
github.com/dckristiono/go-env/config.go:448.16,450.3 1 0
github.com/dckristiono/go-env/config.go:451.2,451.27 1 3
github.com/dckristiono/go-env/config.go:455.23,457.16 2 3
github.com/dckristiono/go-env/config.go:457.16,459.3 1 0
github.com/dckristiono/go-env/config.go:460.2,460.24 1 3
github.com/dckristiono/go-env/config.go:464.27,466.16 2 3
github.com/dckristiono/go-env/config.go:466.16,468.3 1 0
github.com/dckristiono/go-env/config.go:469.2,469.28 1 3
github.com/dckristiono/go-env/config.go:473.30,475.16 2 2
github.com/dckristiono/go-env/config.go:475.16,477.3 1 1
github.com/dckristiono/go-env/config.go:478.2,478.21 1 1
github.com/dckristiono/go-env/config.go:482.56,484.2 1 1
github.com/dckristiono/go-env/config.go:487.47,489.41 2 2
github.com/dckristiono/go-env/config.go:489.41,491.3 1 0
github.com/dckristiono/go-env/config.go:492.2,492.14 1 2
github.com/dckristiono/go-env/config.go:496.59,498.41 2 2
github.com/dckristiono/go-env/config.go:498.41,500.3 1 0
github.com/dckristiono/go-env/config.go:501.2,501.14 1 2
github.com/dckristiono/go-env/config.go:505.50,507.2 1 1
github.com/dckristiono/go-env/config.go:510.72,512.41 2 2
github.com/dckristiono/go-env/config.go:512.41,514.3 1 0
github.com/dckristiono/go-env/config.go:515.2,515.14 1 2
github.com/dckristiono/go-env/config.go:519.77,521.2 1 1
github.com/dckristiono/go-env/config.go:524.75,526.2 1 1
github.com/dckristiono/go-env/option.go:7.41,8.25 1 5
github.com/dckristiono/go-env/option.go:8.25,10.3 1 5
github.com/dckristiono/go-env/option.go:14.45,15.25 1 4
github.com/dckristiono/go-env/option.go:15.25,17.3 1 4
github.com/dckristiono/go-env/parse.go:13.45,15.70 2 0
github.com/dckristiono/go-env/parse.go:15.70,17.3 1 0
github.com/dckristiono/go-env/parse.go:19.2,22.39 3 0
github.com/dckristiono/go-env/parse.go:22.39,28.19 4 0
github.com/dckristiono/go-env/parse.go:28.19,31.4 1 0
github.com/dckristiono/go-env/parse.go:33.3,33.22 1 0
github.com/dckristiono/go-env/parse.go:33.22,34.12 1 0
github.com/dckristiono/go-env/parse.go:37.3,42.38 4 0
github.com/dckristiono/go-env/parse.go:42.38,44.4 1 0
github.com/dckristiono/go-env/parse.go:47.3,47.18 1 0
github.com/dckristiono/go-env/parse.go:47.18,48.12 1 0
github.com/dckristiono/go-env/parse.go:52.3,52.64 1 0
github.com/dckristiono/go-env/parse.go:52.64,54.4 1 0
github.com/dckristiono/go-env/parse.go:57.2,57.12 1 0
github.com/dckristiono/go-env/parse.go:61.92,63.22 1 0
github.com/dckristiono/go-env/parse.go:64.22,65.25 1 0
github.com/dckristiono/go-env/parse.go:67.78,69.57 1 0
github.com/dckristiono/go-env/parse.go:69.57,71.18 2 0
github.com/dckristiono/go-env/parse.go:71.18,73.5 1 0
github.com/dckristiono/go-env/parse.go:74.4,74.40 1 0
github.com/dckristiono/go-env/parse.go:75.9,77.18 2 0
github.com/dckristiono/go-env/parse.go:77.18,79.5 1 0
github.com/dckristiono/go-env/parse.go:80.4,80.24 1 0
github.com/dckristiono/go-env/parse.go:83.83,85.17 2 0
github.com/dckristiono/go-env/parse.go:85.17,87.4 1 0
github.com/dckristiono/go-env/parse.go:88.3,88.25 1 0
github.com/dckristiono/go-env/parse.go:90.40,92.17 2 0
github.com/dckristiono/go-env/parse.go:92.17,94.4 1 0
github.com/dckristiono/go-env/parse.go:95.3,95.27 1 0
github.com/dckristiono/go-env/parse.go:97.20,100.25 3 0
github.com/dckristiono/go-env/parse.go:102.21,103.53 1 0
github.com/dckristiono/go-env/parse.go:103.53,107.31 3 0
github.com/dckristiono/go-env/parse.go:107.31,109.5 1 0
github.com/dckristiono/go-env/parse.go:110.4,110.20 1 0
github.com/dckristiono/go-env/parse.go:111.9,113.4 1 0
github.com/dckristiono/go-env/parse.go:115.19,116.102 1 0
github.com/dckristiono/go-env/parse.go:116.102,120.31 3 0
github.com/dckristiono/go-env/parse.go:120.31,122.27 2 0
github.com/dckristiono/go-env/parse.go:122.27,126.6 3 0
github.com/dckristiono/go-env/parse.go:128.4,128.21 1 0
github.com/dckristiono/go-env/parse.go:129.9,132.4 1 0
github.com/dckristiono/go-env/parse.go:134.10,135.58 1 0
github.com/dckristiono/go-env/parse.go:138.2,138.12 1 0
github.com/dckristiono/go-env/parse.go:142.33,144.16 2 22
github.com/dckristiono/go-env/parse.go:144.16,146.3 1 22
github.com/dckristiono/go-env/parse.go:147.2,147.21 1 0
github.com/dckristiono/go-env/result.go:19.37,20.18 1 2
github.com/dckristiono/go-env/result.go:20.18,22.3 1 0
github.com/dckristiono/go-env/result.go:24.2,24.19 1 2
github.com/dckristiono/go-env/result.go:24.19,26.3 1 1
github.com/dckristiono/go-env/result.go:27.2,27.10 1 2
github.com/dckristiono/go-env/result.go:31.55,32.18 1 2
github.com/dckristiono/go-env/result.go:32.18,34.3 1 0
github.com/dckristiono/go-env/result.go:36.2,36.19 1 2
github.com/dckristiono/go-env/result.go:36.19,38.3 1 1
github.com/dckristiono/go-env/result.go:39.2,39.10 1 2
github.com/dckristiono/go-env/result.go:43.34,45.2 1 5
github.com/dckristiono/go-env/result.go:48.37,49.18 1 10
github.com/dckristiono/go-env/result.go:49.18,51.3 1 0
github.com/dckristiono/go-env/result.go:53.2,53.19 1 10
github.com/dckristiono/go-env/result.go:53.19,55.3 1 3
github.com/dckristiono/go-env/result.go:57.2,57.30 1 7
github.com/dckristiono/go-env/result.go:61.51,63.16 2 4
github.com/dckristiono/go-env/result.go:63.16,65.3 1 2
github.com/dckristiono/go-env/result.go:66.2,66.14 1 2
github.com/dckristiono/go-env/result.go:70.45,71.18 1 8
github.com/dckristiono/go-env/result.go:71.18,73.3 1 0
github.com/dckristiono/go-env/result.go:75.2,75.19 1 8
github.com/dckristiono/go-env/result.go:75.19,77.3 1 2
github.com/dckristiono/go-env/result.go:79.2,79.40 1 6
github.com/dckristiono/go-env/result.go:83.63,85.16 2 4
github.com/dckristiono/go-env/result.go:85.16,87.3 1 2
github.com/dckristiono/go-env/result.go:88.2,88.14 1 2
github.com/dckristiono/go-env/result.go:92.30,93.18 1 21
github.com/dckristiono/go-env/result.go:93.18,95.3 1 1
github.com/dckristiono/go-env/result.go:97.2,97.19 1 20
github.com/dckristiono/go-env/result.go:97.19,99.3 1 1
github.com/dckristiono/go-env/result.go:101.2,102.74 2 19
github.com/dckristiono/go-env/result.go:106.54,107.35 1 11
github.com/dckristiono/go-env/result.go:107.35,109.3 1 2
github.com/dckristiono/go-env/result.go:110.2,110.17 1 9
github.com/dckristiono/go-env/result.go:114.52,115.18 1 8
github.com/dckristiono/go-env/result.go:115.18,117.3 1 0
github.com/dckristiono/go-env/result.go:119.2,119.19 1 8
github.com/dckristiono/go-env/result.go:119.19,121.3 1 2
github.com/dckristiono/go-env/result.go:123.2,123.36 1 6
github.com/dckristiono/go-env/result.go:127.76,129.16 2 4
github.com/dckristiono/go-env/result.go:129.16,131.3 1 2
github.com/dckristiono/go-env/result.go:132.2,132.14 1 2
github.com/dckristiono/go-env/result.go:136.51,137.18 1 3
github.com/dckristiono/go-env/result.go:137.18,139.3 1 0
github.com/dckristiono/go-env/result.go:141.2,141.19 1 3
github.com/dckristiono/go-env/result.go:141.19,143.3 1 0
github.com/dckristiono/go-env/result.go:145.2,145.21 1 3
github.com/dckristiono/go-env/result.go:145.21,147.3 1 0
github.com/dckristiono/go-env/result.go:149.2,151.29 2 3
github.com/dckristiono/go-env/result.go:151.29,153.3 1 9
github.com/dckristiono/go-env/result.go:155.2,155.14 1 3
github.com/dckristiono/go-env/result.go:159.81,160.35 1 1
github.com/dckristiono/go-env/result.go:160.35,162.3 1 1
github.com/dckristiono/go-env/result.go:163.2,163.27 1 0
github.com/dckristiono/go-env/result.go:167.42,168.18 1 3
github.com/dckristiono/go-env/result.go:168.18,170.3 1 0
github.com/dckristiono/go-env/result.go:172.2,172.19 1 3
github.com/dckristiono/go-env/result.go:172.19,174.3 1 0
github.com/dckristiono/go-env/result.go:176.2,179.29 3 3
github.com/dckristiono/go-env/result.go:179.29,181.25 2 6
github.com/dckristiono/go-env/result.go:181.25,185.4 3 5
github.com/dckristiono/go-env/result.go:188.2,188.15 1 3
github.com/dckristiono/go-env/result.go:192.79,193.35 1 1
github.com/dckristiono/go-env/result.go:193.35,195.3 1 1
github.com/dckristiono/go-env/result.go:196.2,196.16 1 0
