mode: atomic
github.com/dckristiono/go-env/config.go:37.50,40.46 2 70
github.com/dckristiono/go-env/config.go:40.46,43.3 2 66
github.com/dckristiono/go-env/config.go:44.2,51.46 4 4
github.com/dckristiono/go-env/config.go:51.46,53.3 1 0
github.com/dckristiono/go-env/config.go:56.2,57.33 2 4
github.com/dckristiono/go-env/config.go:61.48,63.16 2 14
github.com/dckristiono/go-env/config.go:63.16,65.3 1 1
github.com/dckristiono/go-env/config.go:68.2,73.12 5 13
github.com/dckristiono/go-env/config.go:77.52,85.33 2 20
github.com/dckristiono/go-env/config.go:85.33,87.3 1 10
github.com/dckristiono/go-env/config.go:90.2,90.38 1 20
github.com/dckristiono/go-env/config.go:90.38,92.3 1 2
github.com/dckristiono/go-env/config.go:94.2,94.20 1 18
github.com/dckristiono/go-env/config.go:98.36,100.52 1 29
github.com/dckristiono/go-env/config.go:100.52,102.3 1 6
github.com/dckristiono/go-env/config.go:105.2,109.9 4 23
github.com/dckristiono/go-env/config.go:110.38,111.21 1 1
github.com/dckristiono/go-env/config.go:112.28,113.17 1 1
github.com/dckristiono/go-env/config.go:114.14,115.20 1 17
github.com/dckristiono/go-env/config.go:116.10,117.21 1 4
github.com/dckristiono/go-env/config.go:122.39,125.2 2 93
github.com/dckristiono/go-env/config.go:128.31,131.16 2 27
github.com/dckristiono/go-env/config.go:132.18,133.19 1 12
github.com/dckristiono/go-env/config.go:134.15,135.27 1 8
github.com/dckristiono/go-env/config.go:136.19,137.31 1 4
github.com/dckristiono/go-env/config.go:138.10,139.64 1 3
github.com/dckristiono/go-env/config.go:143.2,143.26 1 24
github.com/dckristiono/go-env/config.go:143.26,145.27 1 13
github.com/dckristiono/go-env/config.go:145.27,148.4 2 12
github.com/dckristiono/go-env/config.go:149.3,149.56 1 1
github.com/dckristiono/go-env/config.go:153.2,153.31 1 11
github.com/dckristiono/go-env/config.go:157.51,158.20 1 233
github.com/dckristiono/go-env/config.go:158.20,160.3 1 225
github.com/dckristiono/go-env/config.go:161.2,161.23 1 8
github.com/dckristiono/go-env/config.go:165.56,171.33 2 21
github.com/dckristiono/go-env/config.go:171.33,173.3 1 22
github.com/dckristiono/go-env/config.go:175.2,175.18 1 21
github.com/dckristiono/go-env/config.go:179.42,188.2 3 7
github.com/dckristiono/go-env/config.go:191.65,194.42 3 2
github.com/dckristiono/go-env/config.go:194.42,196.3 1 1
github.com/dckristiono/go-env/config.go:197.2,197.14 1 1
github.com/dckristiono/go-env/config.go:201.71,204.17 3 13
github.com/dckristiono/go-env/config.go:204.17,205.28 1 3
github.com/dckristiono/go-env/config.go:205.28,207.4 1 2
github.com/dckristiono/go-env/config.go:208.3,208.79 1 1
github.com/dckristiono/go-env/config.go:211.2,211.28 1 10
github.com/dckristiono/go-env/config.go:215.77,218.17 3 20
github.com/dckristiono/go-env/config.go:218.17,219.28 1 9
github.com/dckristiono/go-env/config.go:219.28,221.4 1 5
github.com/dckristiono/go-env/config.go:222.3,222.79 1 4
github.com/dckristiono/go-env/config.go:225.2,225.40 1 11
github.com/dckristiono/go-env/config.go:229.83,232.17 3 22
github.com/dckristiono/go-env/config.go:232.17,233.28 1 10
github.com/dckristiono/go-env/config.go:233.28,235.4 1 5
github.com/dckristiono/go-env/config.go:236.3,236.79 1 5
github.com/dckristiono/go-env/config.go:239.2,239.38 1 12
github.com/dckristiono/go-env/config.go:243.65,246.17 3 45
github.com/dckristiono/go-env/config.go:246.17,247.28 1 34
github.com/dckristiono/go-env/config.go:247.28,249.4 1 22
github.com/dckristiono/go-env/config.go:250.3,250.15 1 12
github.com/dckristiono/go-env/config.go:253.2,254.74 2 11
github.com/dckristiono/go-env/config.go:258.96,261.17 3 21
github.com/dckristiono/go-env/config.go:261.17,262.28 1 10
github.com/dckristiono/go-env/config.go:262.28,264.4 1 5
github.com/dckristiono/go-env/config.go:265.3,265.79 1 5
github.com/dckristiono/go-env/config.go:268.2,268.34 1 11
github.com/dckristiono/go-env/config.go:273.92,274.21 1 27
github.com/dckristiono/go-env/config.go:274.21,276.3 1 4
github.com/dckristiono/go-env/config.go:278.2,280.17 3 27
github.com/dckristiono/go-env/config.go:280.17,281.28 1 18
github.com/dckristiono/go-env/config.go:281.28,283.4 1 8
github.com/dckristiono/go-env/config.go:284.3,284.20 1 10
github.com/dckristiono/go-env/config.go:287.2,289.29 2 9
github.com/dckristiono/go-env/config.go:289.29,291.3 1 29
github.com/dckristiono/go-env/config.go:293.2,293.14 1 9
github.com/dckristiono/go-env/config.go:298.90,301.17 3 7
github.com/dckristiono/go-env/config.go:301.17,302.28 1 5
github.com/dckristiono/go-env/config.go:302.28,304.4 1 2
github.com/dckristiono/go-env/config.go:305.3,305.29 1 3
github.com/dckristiono/go-env/config.go:308.2,311.29 3 2
github.com/dckristiono/go-env/config.go:311.29,313.25 2 4
github.com/dckristiono/go-env/config.go:313.25,317.4 3 3
github.com/dckristiono/go-env/config.go:320.2,320.15 1 2
github.com/dckristiono/go-env/config.go:324.35,326.2 1 7
github.com/dckristiono/go-env/config.go:329.38,331.2 1 7
github.com/dckristiono/go-env/config.go:334.35,336.2 1 7
github.com/dckristiono/go-env/config.go:339.39,341.2 1 7
github.com/dckristiono/go-env/config.go:348.44,350.16 2 18
github.com/dckristiono/go-env/config.go:350.16,354.3 2 1
github.com/dckristiono/go-env/config.go:356.2,356.29 1 17
github.com/dckristiono/go-env/config.go:360.53,362.16 2 5
github.com/dckristiono/go-env/config.go:362.16,363.28 1 3
github.com/dckristiono/go-env/config.go:363.28,365.4 1 2
github.com/dckristiono/go-env/config.go:366.3,366.12 1 1
github.com/dckristiono/go-env/config.go:368.2,368.38 1 2
github.com/dckristiono/go-env/config.go:372.59,374.16 2 9
github.com/dckristiono/go-env/config.go:374.16,375.28 1 3
github.com/dckristiono/go-env/config.go:375.28,377.4 1 1
github.com/dckristiono/go-env/config.go:378.3,378.16 1 2
github.com/dckristiono/go-env/config.go:380.2,380.41 1 6
github.com/dckristiono/go-env/config.go:384.65,386.16 2 13
github.com/dckristiono/go-env/config.go:386.16,387.28 1 8
github.com/dckristiono/go-env/config.go:387.28,389.4 1 4
github.com/dckristiono/go-env/config.go:390.3,390.16 1 4
github.com/dckristiono/go-env/config.go:392.2,392.43 1 5
github.com/dckristiono/go-env/config.go:396.71,398.16 2 8
github.com/dckristiono/go-env/config.go:398.16,399.28 1 3
github.com/dckristiono/go-env/config.go:399.28,401.4 1 1
github.com/dckristiono/go-env/config.go:402.3,402.16 1 2
github.com/dckristiono/go-env/config.go:404.2,404.45 1 5
github.com/dckristiono/go-env/config.go:408.53,410.16 2 5
github.com/dckristiono/go-env/config.go:410.16,411.28 1 4
github.com/dckristiono/go-env/config.go:411.28,413.4 1 2
github.com/dckristiono/go-env/config.go:414.3,414.15 1 2
github.com/dckristiono/go-env/config.go:416.2,416.42 1 1
github.com/dckristiono/go-env/config.go:420.84,422.16 2 8
github.com/dckristiono/go-env/config.go:422.16,423.28 1 3
github.com/dckristiono/go-env/config.go:423.28,425.4 1 1
github.com/dckristiono/go-env/config.go:426.3,426.16 1 2
github.com/dckristiono/go-env/config.go:428.2,428.46 1 5
github.com/dckristiono/go-env/config.go:432.80,434.16 2 5
github.com/dckristiono/go-env/config.go:434.16,435.28 1 4
github.com/dckristiono/go-env/config.go:435.28,437.4 1 2
github.com/dckristiono/go-env/config.go:438.3,438.20 1 2
github.com/dckristiono/go-env/config.go:440.2,440.54 1 1
github.com/dckristiono/go-env/config.go:444.78,446.16 2 5
github.com/dckristiono/go-env/config.go:446.16,447.28 1 4
github.com/dckristiono/go-env/config.go:447.28,449.4 1 2
github.com/dckristiono/go-env/config.go:450.3,450.29 1 2
github.com/dckristiono/go-env/config.go:452.2,452.41 1 1
github.com/dckristiono/go-env/config.go:456.23,458.16 2 7
github.com/dckristiono/go-env/config.go:458.16,460.3 1 5
github.com/dckristiono/go-env/config.go:461.2,461.22 1 2
github.com/dckristiono/go-env/config.go:465.26,467.16 2 8
github.com/dckristiono/go-env/config.go:467.16,469.3 1 5
github.com/dckristiono/go-env/config.go:470.2,470.27 1 3
github.com/dckristiono/go-env/config.go:474.23,476.16 2 8
github.com/dckristiono/go-env/config.go:476.16,478.3 1 5
github.com/dckristiono/go-env/config.go:479.2,479.24 1 3
github.com/dckristiono/go-env/config.go:483.27,485.16 2 8
github.com/dckristiono/go-env/config.go:485.16,487.3 1 5
github.com/dckristiono/go-env/config.go:488.2,488.28 1 3
github.com/dckristiono/go-env/config.go:492.30,494.16 2 3
github.com/dckristiono/go-env/config.go:494.16,496.3 1 1
github.com/dckristiono/go-env/config.go:497.2,497.21 1 2
github.com/dckristiono/go-env/config.go:501.56,503.2 1 2
github.com/dckristiono/go-env/config.go:506.47,508.41 2 8
github.com/dckristiono/go-env/config.go:508.41,510.3 1 3
github.com/dckristiono/go-env/config.go:511.2,511.14 1 5
github.com/dckristiono/go-env/config.go:515.59,517.41 2 7
github.com/dckristiono/go-env/config.go:517.41,519.3 1 3
github.com/dckristiono/go-env/config.go:520.2,520.14 1 4
github.com/dckristiono/go-env/config.go:524.50,526.2 1 1
github.com/dckristiono/go-env/config.go:529.72,531.41 2 7
github.com/dckristiono/go-env/config.go:531.41,533.3 1 3
github.com/dckristiono/go-env/config.go:534.2,534.14 1 4
github.com/dckristiono/go-env/config.go:538.77,540.2 1 1
github.com/dckristiono/go-env/config.go:543.75,545.2 1 1
github.com/dckristiono/go-env/option.go:7.41,8.25 1 34
github.com/dckristiono/go-env/option.go:8.25,10.3 1 34
github.com/dckristiono/go-env/option.go:14.45,15.25 1 19
github.com/dckristiono/go-env/option.go:15.25,17.3 1 19
github.com/dckristiono/go-env/parse.go:13.45,15.70 2 24
github.com/dckristiono/go-env/parse.go:15.70,17.3 1 4
github.com/dckristiono/go-env/parse.go:19.2,22.39 3 20
github.com/dckristiono/go-env/parse.go:22.39,28.19 4 66
github.com/dckristiono/go-env/parse.go:28.19,31.4 1 3
github.com/dckristiono/go-env/parse.go:33.3,33.22 1 66
github.com/dckristiono/go-env/parse.go:33.22,34.12 1 1
github.com/dckristiono/go-env/parse.go:37.3,42.38 4 65
github.com/dckristiono/go-env/parse.go:42.38,44.4 1 1
github.com/dckristiono/go-env/parse.go:47.3,47.18 1 65
github.com/dckristiono/go-env/parse.go:47.18,48.12 1 4
github.com/dckristiono/go-env/parse.go:52.3,52.64 1 61
github.com/dckristiono/go-env/parse.go:52.64,54.4 1 12
github.com/dckristiono/go-env/parse.go:57.2,57.12 1 8
github.com/dckristiono/go-env/parse.go:61.92,63.22 1 61
github.com/dckristiono/go-env/parse.go:64.22,65.25 1 7
github.com/dckristiono/go-env/parse.go:67.78,69.57 1 8
github.com/dckristiono/go-env/parse.go:69.57,71.18 2 2
github.com/dckristiono/go-env/parse.go:71.18,73.5 1 1
github.com/dckristiono/go-env/parse.go:74.4,74.40 1 1
github.com/dckristiono/go-env/parse.go:75.9,77.18 2 6
github.com/dckristiono/go-env/parse.go:77.18,79.5 1 1
github.com/dckristiono/go-env/parse.go:80.4,80.24 1 5
github.com/dckristiono/go-env/parse.go:83.83,85.17 2 6
github.com/dckristiono/go-env/parse.go:85.17,87.4 1 1
github.com/dckristiono/go-env/parse.go:88.3,88.25 1 5
github.com/dckristiono/go-env/parse.go:90.40,92.17 2 3
github.com/dckristiono/go-env/parse.go:92.17,94.4 1 1
github.com/dckristiono/go-env/parse.go:95.3,95.27 1 2
github.com/dckristiono/go-env/parse.go:97.20,100.25 3 18
github.com/dckristiono/go-env/parse.go:102.21,103.53 1 8
github.com/dckristiono/go-env/parse.go:103.53,107.31 3 5
github.com/dckristiono/go-env/parse.go:107.31,109.5 1 12
github.com/dckristiono/go-env/parse.go:110.4,110.20 1 5
github.com/dckristiono/go-env/parse.go:111.9,113.4 1 3
github.com/dckristiono/go-env/parse.go:115.19,116.102 1 8
github.com/dckristiono/go-env/parse.go:116.102,120.31 3 6
github.com/dckristiono/go-env/parse.go:120.31,122.27 2 10
github.com/dckristiono/go-env/parse.go:122.27,126.6 3 9
github.com/dckristiono/go-env/parse.go:128.4,128.21 1 6
github.com/dckristiono/go-env/parse.go:129.9,132.4 1 2
github.com/dckristiono/go-env/parse.go:134.10,135.58 1 3
github.com/dckristiono/go-env/parse.go:138.2,138.12 1 49
github.com/dckristiono/go-env/parse.go:142.33,144.16 2 26
github.com/dckristiono/go-env/parse.go:144.16,146.3 1 2
github.com/dckristiono/go-env/parse.go:147.2,147.21 1 24
github.com/dckristiono/go-env/result.go:19.37,20.18 1 8
github.com/dckristiono/go-env/result.go:20.18,22.3 1 2
github.com/dckristiono/go-env/result.go:24.2,24.19 1 6
github.com/dckristiono/go-env/result.go:24.19,26.3 1 2
github.com/dckristiono/go-env/result.go:27.2,27.10 1 6
github.com/dckristiono/go-env/result.go:31.55,32.18 1 7
github.com/dckristiono/go-env/result.go:32.18,34.3 1 3
github.com/dckristiono/go-env/result.go:36.2,36.19 1 4
github.com/dckristiono/go-env/result.go:36.19,38.3 1 2
github.com/dckristiono/go-env/result.go:39.2,39.10 1 4
github.com/dckristiono/go-env/result.go:43.34,45.2 1 5
github.com/dckristiono/go-env/result.go:48.37,49.18 1 27
github.com/dckristiono/go-env/result.go:49.18,51.3 1 10
github.com/dckristiono/go-env/result.go:53.2,53.19 1 17
github.com/dckristiono/go-env/result.go:53.19,55.3 1 4
github.com/dckristiono/go-env/result.go:57.2,57.30 1 13
github.com/dckristiono/go-env/result.go:61.51,63.16 2 15
github.com/dckristiono/go-env/result.go:63.16,65.3 1 13
github.com/dckristiono/go-env/result.go:66.2,66.14 1 2
github.com/dckristiono/go-env/result.go:70.45,71.18 1 19
github.com/dckristiono/go-env/result.go:71.18,73.3 1 2
github.com/dckristiono/go-env/result.go:75.2,75.19 1 17
github.com/dckristiono/go-env/result.go:75.19,77.3 1 1
github.com/dckristiono/go-env/result.go:79.2,79.40 1 16
github.com/dckristiono/go-env/result.go:83.63,85.16 2 7
github.com/dckristiono/go-env/result.go:85.16,87.3 1 1
github.com/dckristiono/go-env/result.go:88.2,88.14 1 6
github.com/dckristiono/go-env/result.go:92.30,93.18 1 46
github.com/dckristiono/go-env/result.go:93.18,95.3 1 3
github.com/dckristiono/go-env/result.go:97.2,97.19 1 43
github.com/dckristiono/go-env/result.go:97.19,99.3 1 1
github.com/dckristiono/go-env/result.go:101.2,102.74 2 42
github.com/dckristiono/go-env/result.go:106.54,107.35 1 23
github.com/dckristiono/go-env/result.go:107.35,109.3 1 3
github.com/dckristiono/go-env/result.go:110.2,110.17 1 20
github.com/dckristiono/go-env/result.go:114.52,115.18 1 20
github.com/dckristiono/go-env/result.go:115.18,117.3 1 2
github.com/dckristiono/go-env/result.go:119.2,119.19 1 18
github.com/dckristiono/go-env/result.go:119.19,121.3 1 1
github.com/dckristiono/go-env/result.go:123.2,123.36 1 17
github.com/dckristiono/go-env/result.go:127.76,129.16 2 8
github.com/dckristiono/go-env/result.go:129.16,131.3 1 2
github.com/dckristiono/go-env/result.go:132.2,132.14 1 6
github.com/dckristiono/go-env/result.go:136.51,137.18 1 14
github.com/dckristiono/go-env/result.go:137.18,139.3 1 1
github.com/dckristiono/go-env/result.go:141.2,141.19 1 13
github.com/dckristiono/go-env/result.go:141.19,143.3 1 1
github.com/dckristiono/go-env/result.go:145.2,145.21 1 12
github.com/dckristiono/go-env/result.go:145.21,147.3 1 2
github.com/dckristiono/go-env/result.go:149.2,151.29 2 12
github.com/dckristiono/go-env/result.go:151.29,153.3 1 36
github.com/dckristiono/go-env/result.go:155.2,155.14 1 12
github.com/dckristiono/go-env/result.go:159.81,160.35 1 9
github.com/dckristiono/go-env/result.go:160.35,162.3 1 3
github.com/dckristiono/go-env/result.go:163.2,163.27 1 6
github.com/dckristiono/go-env/result.go:167.42,168.18 1 14
github.com/dckristiono/go-env/result.go:168.18,170.3 1 1
github.com/dckristiono/go-env/result.go:172.2,172.19 1 13
github.com/dckristiono/go-env/result.go:172.19,174.3 1 1
github.com/dckristiono/go-env/result.go:176.2,179.29 3 12
github.com/dckristiono/go-env/result.go:179.29,181.25 2 24
github.com/dckristiono/go-env/result.go:181.25,185.4 3 22
github.com/dckristiono/go-env/result.go:188.2,188.15 1 12
github.com/dckristiono/go-env/result.go:192.79,193.35 1 9
github.com/dckristiono/go-env/result.go:193.35,195.3 1 3
github.com/dckristiono/go-env/result.go:196.2,196.16 1 6
